Сборка начата 10.02.2024 13:27:18.
Уровень детализации журнала: Normal.     1>Проект "C:\Users\Влад\source\repos\MP1\MP1\MP1.vcxproj" в узле 2 (целевые объекты Build).
     1>InitializeBuildStatus:
         Обращение к "x64\Debug\MP1.tlog\unsuccessfulbuild".
       ClCompile:
         C:\Program Files\Microsoft Visual Studio\2022\Community\VC\Tools\MSVC\14.33.31629\bin\HostX64\x64\CL.exe /c /ZI /JMC /nologo /W3 /WX- /diagnostics:column /sdl /Od /D _DEBUG /D _CONSOLE /D _UNICODE /D UNICODE /Gm- /EHsc /RTC1 /MDd /GS /fp:precise /Zc:wchar_t /Zc:forScope /Zc:inline /permissive- /Fo"x64\Debug\\" /Fd"x64\Debug\vc143.pdb" /external:W3 /Gd /TP /FC /errorReport:prompt Task2.cpp
         Task2.cpp
       Link:
         C:\Program Files\Microsoft Visual Studio\2022\Community\VC\Tools\MSVC\14.33.31629\bin\HostX64\x64\link.exe /ERRORREPORT:PROMPT /OUT:"C:\Users\Влад\source\repos\MP1\x64\Debug\MP1.exe" /INCREMENTAL /ILK:"x64\Debug\MP1.ilk" /NOLOGO kernel32.lib user32.lib gdi32.lib winspool.lib comdlg32.lib advapi32.lib shell32.lib ole32.lib oleaut32.lib uuid.lib odbc32.lib odbccp32.lib /MANIFEST /MANIFESTUAC:"level='asInvoker' uiAccess='false'" /manifest:embed /DEBUG /PDB:"C:\Users\Влад\source\repos\MP1\x64\Debug\MP1.pdb" /SUBSYSTEM:CONSOLE /TLBID:1 /DYNAMICBASE /NXCOMPAT /IMPLIB:"C:\Users\Влад\source\repos\MP1\x64\Debug\MP1.lib" /MACHINE:X64 x64\Debug\Auxil.obj
         x64\Debug\Lab1.obj
         x64\Debug\Task2.obj
         MP1.vcxproj -> C:\Users\Влад\source\repos\MP1\x64\Debug\MP1.exe
       FinalizeBuildStatus:
         Файл "x64\Debug\MP1.tlog\unsuccessfulbuild" удаляется.
         Обращение к "x64\Debug\MP1.tlog\MP1.lastbuildstate".
     1>Сборка проекта "C:\Users\Влад\source\repos\MP1\MP1\MP1.vcxproj" завершена (целевые объекты Build).

Сборка успешно завершена.
    Предупреждений: 0
    Ошибок: 0

Прошло времени 00:00:01.62
