Сборка начата 09.04.2024 14:19:22.
Уровень детализации журнала: Normal.     1>Проект "C:\Users\Влад\source\repos\MP4\MP4\MP4.vcxproj" в узле 2 (целевые объекты Build).
     1>InitializeBuildStatus:
         Создание "x64\Debug\MP4.tlog\unsuccessfulbuild", так как было задано "AlwaysCreate".
       ClCompile:
         C:\Program Files\Microsoft Visual Studio\2022\Community\VC\Tools\MSVC\14.33.31629\bin\HostX64\x64\CL.exe /c /ZI /JMC /nologo /W3 /WX- /diagnostics:column /sdl /Od /D _DEBUG /D _CONSOLE /D _UNICODE /D UNICODE /Gm- /EHsc /RTC1 /MDd /GS /fp:precise /Zc:wchar_t /Zc:forScope /Zc:inline /permissive- /Fo"x64\Debug\\" /Fd"x64\Debug\vc143.pdb" /external:W3 /Gd /TP /FC /errorReport:prompt MP4.cpp
         MP4.cpp
     1>C:\Users\Влад\source\repos\MP4\MP4\MP4.cpp(15,1): warning C4005: INFINITY: изменение макроопределения
       C:\Program Files (x86)\Windows Kits\10\Include\10.0.19041.0\ucrt\corecrt_math.h(88): message : см. предыдущее определение "INFINITY"
     1>C:\Users\Влад\source\repos\MP4\MP4\MP4.cpp(25,18): warning C4267: return: преобразование из "size_t" в "int"; возможна потеря данных
     1>C:\Users\Влад\source\repos\MP4\MP4\MP4.cpp(73,14): warning C4244: =: преобразование "double" в "int", возможна потеря данных
     1>C:\Users\Влад\source\repos\MP4\MP4\MP4.cpp(74,14): warning C4244: =: преобразование "double" в "int", возможна потеря данных
       Link:
         C:\Program Files\Microsoft Visual Studio\2022\Community\VC\Tools\MSVC\14.33.31629\bin\HostX64\x64\link.exe /ERRORREPORT:PROMPT /OUT:"C:\Users\Влад\source\repos\MP4\x64\Debug\MP4.exe" /INCREMENTAL /ILK:"x64\Debug\MP4.ilk" /NOLOGO kernel32.lib user32.lib gdi32.lib winspool.lib comdlg32.lib advapi32.lib shell32.lib ole32.lib oleaut32.lib uuid.lib odbc32.lib odbccp32.lib /MANIFEST /MANIFESTUAC:"level='asInvoker' uiAccess='false'" /manifest:embed /DEBUG /PDB:"C:\Users\Влад\source\repos\MP4\x64\Debug\MP4.pdb" /SUBSYSTEM:CONSOLE /TLBID:1 /DYNAMICBASE /NXCOMPAT /IMPLIB:"C:\Users\Влад\source\repos\MP4\x64\Debug\MP4.lib" /MACHINE:X64 x64\Debug\Levenshtein.obj
         x64\Debug\MP4.obj
         MP4.vcxproj -> C:\Users\Влад\source\repos\MP4\x64\Debug\MP4.exe
       FinalizeBuildStatus:
         Файл "x64\Debug\MP4.tlog\unsuccessfulbuild" удаляется.
         Обращение к "x64\Debug\MP4.tlog\MP4.lastbuildstate".
     1>Сборка проекта "C:\Users\Влад\source\repos\MP4\MP4\MP4.vcxproj" завершена (целевые объекты Build).

Сборка успешно завершена.

       "C:\Users\Влад\source\repos\MP4\MP4\MP4.vcxproj" (целевой объект Build ) (1) ->
       (Целевой объект ClCompile) -> 
         C:\Users\Влад\source\repos\MP4\MP4\MP4.cpp(15,1): warning C4005: INFINITY: изменение макроопределения
         C:\Users\Влад\source\repos\MP4\MP4\MP4.cpp(25,18): warning C4267: return: преобразование из "size_t" в "int"; возможна потеря данных
         C:\Users\Влад\source\repos\MP4\MP4\MP4.cpp(73,14): warning C4244: =: преобразование "double" в "int", возможна потеря данных
         C:\Users\Влад\source\repos\MP4\MP4\MP4.cpp(74,14): warning C4244: =: преобразование "double" в "int", возможна потеря данных

    Предупреждений: 4
    Ошибок: 0

Прошло времени 00:00:00.93
