Сборка начата 27.02.2024 17:07:18.
Уровень детализации журнала: Normal.     1>Проект "C:\Users\Влад\source\repos\MP2\MP2\MP2.vcxproj" в узле 2 (целевые объекты Build).
     1>InitializeBuildStatus:
         Создание "x64\Debug\MP2.tlog\unsuccessfulbuild", так как было задано "AlwaysCreate".
       ClCompile:
         C:\Program Files\Microsoft Visual Studio\2022\Community\VC\Tools\MSVC\14.33.31629\bin\HostX64\x64\CL.exe /c /ZI /JMC /nologo /W3 /WX- /diagnostics:column /sdl /Od /D _DEBUG /D _CONSOLE /D _UNICODE /D UNICODE /Gm- /EHsc /RTC1 /MDd /GS /fp:precise /Zc:wchar_t /Zc:forScope /Zc:inline /permissive- /Fo"x64\Debug\\" /Fd"x64\Debug\vc143.pdb" /external:W3 /Gd /TP /FC /errorReport:prompt MP2.cpp
         MP2.cpp
     1>C:\Users\Влад\source\repos\MP2\MP2\MP2.cpp(140,15): warning C4244: аргумент: преобразование "time_t" в "unsigned int", возможна потеря данных
     1>C:\Users\Влад\source\repos\MP2\MP2\MP2.cpp(190,19): warning C4244: аргумент: преобразование "time_t" в "unsigned int", возможна потеря данных
       Link:
         C:\Program Files\Microsoft Visual Studio\2022\Community\VC\Tools\MSVC\14.33.31629\bin\HostX64\x64\link.exe /ERRORREPORT:PROMPT /OUT:"C:\Users\Влад\source\repos\MP2\x64\Debug\MP2.exe" /INCREMENTAL /ILK:"x64\Debug\MP2.ilk" /NOLOGO kernel32.lib user32.lib gdi32.lib winspool.lib comdlg32.lib advapi32.lib shell32.lib ole32.lib oleaut32.lib uuid.lib odbc32.lib odbccp32.lib /MANIFEST /MANIFESTUAC:"level='asInvoker' uiAccess='false'" /manifest:embed /DEBUG /PDB:"C:\Users\Влад\source\repos\MP2\x64\Debug\MP2.pdb" /SUBSYSTEM:CONSOLE /TLBID:1 /DYNAMICBASE /NXCOMPAT /IMPLIB:"C:\Users\Влад\source\repos\MP2\x64\Debug\MP2.lib" /MACHINE:X64 x64\Debug\Auxil.obj
         x64\Debug\Knapsack.obj
         x64\Debug\MP2.obj
         x64\Debug\T1.obj
         x64\Debug\T2.obj
         x64\Debug\T3.obj
         x64\Debug\T4.obj
         MP2.vcxproj -> C:\Users\Влад\source\repos\MP2\x64\Debug\MP2.exe
       FinalizeBuildStatus:
         Файл "x64\Debug\MP2.tlog\unsuccessfulbuild" удаляется.
         Обращение к "x64\Debug\MP2.tlog\MP2.lastbuildstate".
     1>Сборка проекта "C:\Users\Влад\source\repos\MP2\MP2\MP2.vcxproj" завершена (целевые объекты Build).

Сборка успешно завершена.

       "C:\Users\Влад\source\repos\MP2\MP2\MP2.vcxproj" (целевой объект Build ) (1) ->
       (Целевой объект ClCompile) -> 
         C:\Users\Влад\source\repos\MP2\MP2\MP2.cpp(140,15): warning C4244: аргумент: преобразование "time_t" в "unsigned int", возможна потеря данных
         C:\Users\Влад\source\repos\MP2\MP2\MP2.cpp(190,19): warning C4244: аргумент: преобразование "time_t" в "unsigned int", возможна потеря данных

    Предупреждений: 2
    Ошибок: 0

Прошло времени 00:00:01.87
